Copyright 1986-2016 Xilinx, Inc. All Rights Reserved.
------------------------------------------------------------------------------------
| Tool Version : Vivado v.2016.1 (lin64) Build 1538259 Fri Apr  8 15:45:23 MDT 2016
| Date         : Sun Jun 19 12:49:19 2016
| Host         : ssd running 64-bit Debian GNU/Linux testing/unstable
| Command      : upgrade_ip
| Device       : xc7a35tfgg484-2
------------------------------------------------------------------------------------

Upgrade Log for IP 'mig_7series_1'

1. Summary
----------

SUCCESS in the update of mig_7series_1 (xilinx.com:ip:mig_7series:3.0) to current project options.






Copyright 1986-2016 Xilinx, Inc. All Rights Reserved.
------------------------------------------------------------------------------------
| Tool Version : Vivado v.2016.1 (lin64) Build 1538259 Fri Apr  8 15:45:23 MDT 2016
| Date         : Sun Jun 19 12:48:32 2016
| Host         : ssd running 64-bit Debian GNU/Linux testing/unstable
| Command      : upgrade_ip
| Device       : xc7a35tfgg484-2
------------------------------------------------------------------------------------

Upgrade Log for IP 'clk_d100_100_200_125_25MHz'

1. Summary
----------

SUCCESS in the update of clk_d100_100_200_125_25MHz (xilinx.com:ip:clk_wiz:5.3) to current project options.






Copyright 1986-2016 Xilinx, Inc. All Rights Reserved.
------------------------------------------------------------------------------------
| Tool Version : Vivado v.2016.1 (lin64) Build 1538259 Fri Apr  8 15:45:23 MDT 2016
| Date         : Sun Jun 19 12:48:15 2016
| Host         : ssd running 64-bit Debian GNU/Linux testing/unstable
| Command      : upgrade_ip
| Device       : xc7a35tfgg484-2
------------------------------------------------------------------------------------

Upgrade Log for IP 'clk_d100_100_200_250_25MHz'

1. Summary
----------

SUCCESS in the update of clk_d100_100_200_250_25MHz (xilinx.com:ip:clk_wiz:5.3) to current project options.

